C:\Users\Patrick\Desktop\Teapot\Code\Debug\cl.command.1.tlog
C:\Users\Patrick\Desktop\Teapot\Code\Debug\CL.read.1.tlog
C:\Users\Patrick\Desktop\Teapot\Code\Debug\CL.write.1.tlog
C:\USERS\PATRICK\DESKTOP\TEAPOT\CODE\DEBUG\EVENTRECEIVER.OBJ
C:\USERS\PATRICK\DESKTOP\TEAPOT\CODE\DEBUG\GAMESTATE.OBJ
C:\USERS\PATRICK\DESKTOP\TEAPOT\CODE\DEBUG\GAMESTATEMANAGER.OBJ
C:\USERS\PATRICK\DESKTOP\TEAPOT\CODE\DEBUG\INTRO.OBJ
C:\USERS\PATRICK\DESKTOP\TEAPOT\CODE\DEBUG\IRRLICHT1.EXE
C:\USERS\PATRICK\DESKTOP\TEAPOT\CODE\DEBUG\IRRLICHT1.EXE.INTERMEDIATE.MANIFEST
C:\USERS\PATRICK\DESKTOP\TEAPOT\CODE\DEBUG\IRRLICHT1.OBJ
C:\USERS\PATRICK\DESKTOP\TEAPOT\CODE\DEBUG\IRRLICHT1.PCH
C:\USERS\PATRICK\DESKTOP\TEAPOT\CODE\DEBUG\IRRLICHT1.PDB
C:\Users\Patrick\Desktop\Teapot\Code\Debug\Irrlicht1.write.1.tlog
C:\Users\Patrick\Desktop\Teapot\Code\Debug\link.command.1.tlog
C:\Users\Patrick\Desktop\Teapot\Code\Debug\link.read.1.tlog
C:\Users\Patrick\Desktop\Teapot\Code\Debug\link.write.1.tlog
C:\Users\Patrick\Desktop\Teapot\Code\Debug\mt.command.1.tlog
C:\Users\Patrick\Desktop\Teapot\Code\Debug\mt.read.1.tlog
C:\Users\Patrick\Desktop\Teapot\Code\Debug\mt.write.1.tlog
C:\USERS\PATRICK\DESKTOP\TEAPOT\CODE\DEBUG\RESMANAGER.OBJ
C:\USERS\PATRICK\DESKTOP\TEAPOT\CODE\DEBUG\SAMPLEGAME.OBJ
C:\USERS\PATRICK\DESKTOP\TEAPOT\CODE\DEBUG\STARTMENU.OBJ
C:\USERS\PATRICK\DESKTOP\TEAPOT\CODE\DEBUG\STDAFX.OBJ
C:\Users\Patrick\Desktop\Teapot\Code\Debug\trzF117.tmp
C:\Users\Patrick\Desktop\Teapot\Code\Debug\vc100.idb
C:\USERS\PATRICK\DESKTOP\TEAPOT\CODE\DEBUG\VC100.PDB
